                                 Started job on |	May 01 22:27:41
                             Started mapping on |	May 01 22:27:51
                                    Finished on |	May 01 22:28:17
       Mapping speed, Million of reads per hour |	111.20

                          Number of input reads |	803136
                      Average input read length |	301
                                    UNIQUE READS:
                   Uniquely mapped reads number |	633905
                        Uniquely mapped reads % |	78.93%
                          Average mapped length |	281.24
                       Number of splices: Total |	512779
            Number of splices: Annotated (sjdb) |	0
                       Number of splices: GT/AG |	498738
                       Number of splices: GC/AG |	13192
                       Number of splices: AT/AC |	26
               Number of splices: Non-canonical |	823
                      Mismatch rate per base, % |	0.35%
                         Deletion rate per base |	0.00%
                        Deletion average length |	1.54
                        Insertion rate per base |	0.01%
                       Insertion average length |	1.80
                             MULTI-MAPPING READS:
        Number of reads mapped to multiple loci |	23112
             % of reads mapped to multiple loci |	2.88%
        Number of reads mapped to too many loci |	2
             % of reads mapped to too many loci |	0.00%
                                  UNMAPPED READS:
  Number of reads unmapped: too many mismatches |	0
       % of reads unmapped: too many mismatches |	0.00%
            Number of reads unmapped: too short |	146095
                 % of reads unmapped: too short |	18.19%
                Number of reads unmapped: other |	22
                     % of reads unmapped: other |	0.00%
                                  CHIMERIC READS:
                       Number of chimeric reads |	0
                            % of chimeric reads |	0.00%
