                                 Started job on |	May 01 22:21:27
                             Started mapping on |	May 01 22:21:37
                                    Finished on |	May 01 22:22:40
       Mapping speed, Million of reads per hour |	179.79

                          Number of input reads |	3146245
                      Average input read length |	302
                                    UNIQUE READS:
                   Uniquely mapped reads number |	2581443
                        Uniquely mapped reads % |	82.05%
                          Average mapped length |	284.16
                       Number of splices: Total |	2169281
            Number of splices: Annotated (sjdb) |	0
                       Number of splices: GT/AG |	2110596
                       Number of splices: GC/AG |	55328
                       Number of splices: AT/AC |	57
               Number of splices: Non-canonical |	3300
                      Mismatch rate per base, % |	0.43%
                         Deletion rate per base |	0.00%
                        Deletion average length |	1.43
                        Insertion rate per base |	0.01%
                       Insertion average length |	1.74
                             MULTI-MAPPING READS:
        Number of reads mapped to multiple loci |	74381
             % of reads mapped to multiple loci |	2.36%
        Number of reads mapped to too many loci |	31
             % of reads mapped to too many loci |	0.00%
                                  UNMAPPED READS:
  Number of reads unmapped: too many mismatches |	0
       % of reads unmapped: too many mismatches |	0.00%
            Number of reads unmapped: too short |	490328
                 % of reads unmapped: too short |	15.58%
                Number of reads unmapped: other |	62
                     % of reads unmapped: other |	0.00%
                                  CHIMERIC READS:
                       Number of chimeric reads |	0
                            % of chimeric reads |	0.00%
