                                 Started job on |	May 01 22:12:11
                             Started mapping on |	May 01 22:14:31
                                    Finished on |	May 01 22:15:17
       Mapping speed, Million of reads per hour |	164.13

                          Number of input reads |	2097271
                      Average input read length |	302
                                    UNIQUE READS:
                   Uniquely mapped reads number |	1676197
                        Uniquely mapped reads % |	79.92%
                          Average mapped length |	282.89
                       Number of splices: Total |	1309936
            Number of splices: Annotated (sjdb) |	0
                       Number of splices: GT/AG |	1274171
                       Number of splices: GC/AG |	33625
                       Number of splices: AT/AC |	35
               Number of splices: Non-canonical |	2105
                      Mismatch rate per base, % |	0.44%
                         Deletion rate per base |	0.00%
                        Deletion average length |	1.46
                        Insertion rate per base |	0.01%
                       Insertion average length |	1.74
                             MULTI-MAPPING READS:
        Number of reads mapped to multiple loci |	51166
             % of reads mapped to multiple loci |	2.44%
        Number of reads mapped to too many loci |	29
             % of reads mapped to too many loci |	0.00%
                                  UNMAPPED READS:
  Number of reads unmapped: too many mismatches |	0
       % of reads unmapped: too many mismatches |	0.00%
            Number of reads unmapped: too short |	369820
                 % of reads unmapped: too short |	17.63%
                Number of reads unmapped: other |	59
                     % of reads unmapped: other |	0.00%
                                  CHIMERIC READS:
                       Number of chimeric reads |	0
                            % of chimeric reads |	0.00%
