                                 Started job on |	May 01 22:16:26
                             Started mapping on |	May 01 22:16:37
                                    Finished on |	May 01 22:17:40
       Mapping speed, Million of reads per hour |	162.82

                          Number of input reads |	2849424
                      Average input read length |	302
                                    UNIQUE READS:
                   Uniquely mapped reads number |	1990640
                        Uniquely mapped reads % |	69.86%
                          Average mapped length |	280.88
                       Number of splices: Total |	1518728
            Number of splices: Annotated (sjdb) |	0
                       Number of splices: GT/AG |	1476539
                       Number of splices: GC/AG |	39041
                       Number of splices: AT/AC |	627
               Number of splices: Non-canonical |	2521
                      Mismatch rate per base, % |	0.62%
                         Deletion rate per base |	0.00%
                        Deletion average length |	1.30
                        Insertion rate per base |	0.02%
                       Insertion average length |	1.73
                             MULTI-MAPPING READS:
        Number of reads mapped to multiple loci |	83740
             % of reads mapped to multiple loci |	2.94%
        Number of reads mapped to too many loci |	39
             % of reads mapped to too many loci |	0.00%
                                  UNMAPPED READS:
  Number of reads unmapped: too many mismatches |	0
       % of reads unmapped: too many mismatches |	0.00%
            Number of reads unmapped: too short |	774941
                 % of reads unmapped: too short |	27.20%
                Number of reads unmapped: other |	64
                     % of reads unmapped: other |	0.00%
                                  CHIMERIC READS:
                       Number of chimeric reads |	0
                            % of chimeric reads |	0.00%
