                                 Started job on |	May 01 22:29:14
                             Started mapping on |	May 01 22:29:24
                                    Finished on |	May 01 22:29:54
       Mapping speed, Million of reads per hour |	154.38

                          Number of input reads |	1286474
                      Average input read length |	301
                                    UNIQUE READS:
                   Uniquely mapped reads number |	1033033
                        Uniquely mapped reads % |	80.30%
                          Average mapped length |	280.73
                       Number of splices: Total |	899516
            Number of splices: Annotated (sjdb) |	0
                       Number of splices: GT/AG |	878056
                       Number of splices: GC/AG |	20008
                       Number of splices: AT/AC |	26
               Number of splices: Non-canonical |	1426
                      Mismatch rate per base, % |	0.35%
                         Deletion rate per base |	0.00%
                        Deletion average length |	1.63
                        Insertion rate per base |	0.01%
                       Insertion average length |	1.72
                             MULTI-MAPPING READS:
        Number of reads mapped to multiple loci |	35457
             % of reads mapped to multiple loci |	2.76%
        Number of reads mapped to too many loci |	6
             % of reads mapped to too many loci |	0.00%
                                  UNMAPPED READS:
  Number of reads unmapped: too many mismatches |	0
       % of reads unmapped: too many mismatches |	0.00%
            Number of reads unmapped: too short |	217955
                 % of reads unmapped: too short |	16.94%
                Number of reads unmapped: other |	23
                     % of reads unmapped: other |	0.00%
                                  CHIMERIC READS:
                       Number of chimeric reads |	0
                            % of chimeric reads |	0.00%
