                                 Started job on |	May 01 22:23:49
                             Started mapping on |	May 01 22:24:00
                                    Finished on |	May 01 22:25:06
       Mapping speed, Million of reads per hour |	175.99

                          Number of input reads |	3226557
                      Average input read length |	301
                                    UNIQUE READS:
                   Uniquely mapped reads number |	2370517
                        Uniquely mapped reads % |	73.47%
                          Average mapped length |	273.88
                       Number of splices: Total |	1960180
            Number of splices: Annotated (sjdb) |	0
                       Number of splices: GT/AG |	1906722
                       Number of splices: GC/AG |	49005
                       Number of splices: AT/AC |	138
               Number of splices: Non-canonical |	4315
                      Mismatch rate per base, % |	0.34%
                         Deletion rate per base |	0.00%
                        Deletion average length |	1.88
                        Insertion rate per base |	0.01%
                       Insertion average length |	1.44
                             MULTI-MAPPING READS:
        Number of reads mapped to multiple loci |	74372
             % of reads mapped to multiple loci |	2.30%
        Number of reads mapped to too many loci |	98
             % of reads mapped to too many loci |	0.00%
                                  UNMAPPED READS:
  Number of reads unmapped: too many mismatches |	0
       % of reads unmapped: too many mismatches |	0.00%
            Number of reads unmapped: too short |	781366
                 % of reads unmapped: too short |	24.22%
                Number of reads unmapped: other |	204
                     % of reads unmapped: other |	0.01%
                                  CHIMERIC READS:
                       Number of chimeric reads |	0
                            % of chimeric reads |	0.00%
