                                 Started job on |	May 01 22:15:18
                             Started mapping on |	May 01 22:15:29
                                    Finished on |	May 01 22:16:25
       Mapping speed, Million of reads per hour |	177.20

                          Number of input reads |	2756442
                      Average input read length |	302
                                    UNIQUE READS:
                   Uniquely mapped reads number |	2355144
                        Uniquely mapped reads % |	85.44%
                          Average mapped length |	283.87
                       Number of splices: Total |	2030462
            Number of splices: Annotated (sjdb) |	0
                       Number of splices: GT/AG |	1979841
                       Number of splices: GC/AG |	47612
                       Number of splices: AT/AC |	25
               Number of splices: Non-canonical |	2984
                      Mismatch rate per base, % |	0.39%
                         Deletion rate per base |	0.00%
                        Deletion average length |	1.51
                        Insertion rate per base |	0.01%
                       Insertion average length |	1.71
                             MULTI-MAPPING READS:
        Number of reads mapped to multiple loci |	65138
             % of reads mapped to multiple loci |	2.36%
        Number of reads mapped to too many loci |	18
             % of reads mapped to too many loci |	0.00%
                                  UNMAPPED READS:
  Number of reads unmapped: too many mismatches |	0
       % of reads unmapped: too many mismatches |	0.00%
            Number of reads unmapped: too short |	336092
                 % of reads unmapped: too short |	12.19%
                Number of reads unmapped: other |	50
                     % of reads unmapped: other |	0.00%
                                  CHIMERIC READS:
                       Number of chimeric reads |	0
                            % of chimeric reads |	0.00%
