                                 Started job on |	May 01 22:41:57
                             Started mapping on |	May 01 22:42:07
                                    Finished on |	May 01 22:42:37
       Mapping speed, Million of reads per hour |	132.30

                          Number of input reads |	1102533
                      Average input read length |	301
                                    UNIQUE READS:
                   Uniquely mapped reads number |	795341
                        Uniquely mapped reads % |	72.14%
                          Average mapped length |	278.74
                       Number of splices: Total |	542600
            Number of splices: Annotated (sjdb) |	0
                       Number of splices: GT/AG |	529894
                       Number of splices: GC/AG |	11655
                       Number of splices: AT/AC |	25
               Number of splices: Non-canonical |	1026
                      Mismatch rate per base, % |	0.51%
                         Deletion rate per base |	0.00%
                        Deletion average length |	1.63
                        Insertion rate per base |	0.02%
                       Insertion average length |	1.72
                             MULTI-MAPPING READS:
        Number of reads mapped to multiple loci |	26320
             % of reads mapped to multiple loci |	2.39%
        Number of reads mapped to too many loci |	29
             % of reads mapped to too many loci |	0.00%
                                  UNMAPPED READS:
  Number of reads unmapped: too many mismatches |	0
       % of reads unmapped: too many mismatches |	0.00%
            Number of reads unmapped: too short |	280769
                 % of reads unmapped: too short |	25.47%
                Number of reads unmapped: other |	74
                     % of reads unmapped: other |	0.01%
                                  CHIMERIC READS:
                       Number of chimeric reads |	0
                            % of chimeric reads |	0.00%
