                                 Started job on |	May 01 22:33:42
                             Started mapping on |	May 01 22:33:52
                                    Finished on |	May 01 22:34:37
       Mapping speed, Million of reads per hour |	203.12

                          Number of input reads |	2538985
                      Average input read length |	301
                                    UNIQUE READS:
                   Uniquely mapped reads number |	2239328
                        Uniquely mapped reads % |	88.20%
                          Average mapped length |	283.48
                       Number of splices: Total |	1995356
            Number of splices: Annotated (sjdb) |	0
                       Number of splices: GT/AG |	1950643
                       Number of splices: GC/AG |	41686
                       Number of splices: AT/AC |	70
               Number of splices: Non-canonical |	2957
                      Mismatch rate per base, % |	0.30%
                         Deletion rate per base |	0.00%
                        Deletion average length |	1.43
                        Insertion rate per base |	0.00%
                       Insertion average length |	1.67
                             MULTI-MAPPING READS:
        Number of reads mapped to multiple loci |	69302
             % of reads mapped to multiple loci |	2.73%
        Number of reads mapped to too many loci |	22
             % of reads mapped to too many loci |	0.00%
                                  UNMAPPED READS:
  Number of reads unmapped: too many mismatches |	0
       % of reads unmapped: too many mismatches |	0.00%
            Number of reads unmapped: too short |	230280
                 % of reads unmapped: too short |	9.07%
                Number of reads unmapped: other |	53
                     % of reads unmapped: other |	0.00%
                                  CHIMERIC READS:
                       Number of chimeric reads |	0
                            % of chimeric reads |	0.00%
