                                 Started job on |	May 01 22:51:38
                             Started mapping on |	May 01 22:51:49
                                    Finished on |	May 01 22:52:15
       Mapping speed, Million of reads per hour |	135.24

                          Number of input reads |	976755
                      Average input read length |	302
                                    UNIQUE READS:
                   Uniquely mapped reads number |	850215
                        Uniquely mapped reads % |	87.04%
                          Average mapped length |	282.80
                       Number of splices: Total |	745436
            Number of splices: Annotated (sjdb) |	0
                       Number of splices: GT/AG |	725549
                       Number of splices: GC/AG |	18773
                       Number of splices: AT/AC |	22
               Number of splices: Non-canonical |	1092
                      Mismatch rate per base, % |	0.29%
                         Deletion rate per base |	0.00%
                        Deletion average length |	1.37
                        Insertion rate per base |	0.00%
                       Insertion average length |	1.88
                             MULTI-MAPPING READS:
        Number of reads mapped to multiple loci |	26829
             % of reads mapped to multiple loci |	2.75%
        Number of reads mapped to too many loci |	7
             % of reads mapped to too many loci |	0.00%
                                  UNMAPPED READS:
  Number of reads unmapped: too many mismatches |	0
       % of reads unmapped: too many mismatches |	0.00%
            Number of reads unmapped: too short |	99689
                 % of reads unmapped: too short |	10.21%
                Number of reads unmapped: other |	15
                     % of reads unmapped: other |	0.00%
                                  CHIMERIC READS:
                       Number of chimeric reads |	0
                            % of chimeric reads |	0.00%
