                                 Started job on |	May 01 22:34:37
                             Started mapping on |	May 01 22:34:48
                                    Finished on |	May 01 22:35:27
       Mapping speed, Million of reads per hour |	183.69

                          Number of input reads |	1989985
                      Average input read length |	301
                                    UNIQUE READS:
                   Uniquely mapped reads number |	1752806
                        Uniquely mapped reads % |	88.08%
                          Average mapped length |	282.59
                       Number of splices: Total |	1488753
            Number of splices: Annotated (sjdb) |	0
                       Number of splices: GT/AG |	1453875
                       Number of splices: GC/AG |	32483
                       Number of splices: AT/AC |	27
               Number of splices: Non-canonical |	2368
                      Mismatch rate per base, % |	0.29%
                         Deletion rate per base |	0.00%
                        Deletion average length |	1.61
                        Insertion rate per base |	0.01%
                       Insertion average length |	1.79
                             MULTI-MAPPING READS:
        Number of reads mapped to multiple loci |	53806
             % of reads mapped to multiple loci |	2.70%
        Number of reads mapped to too many loci |	54
             % of reads mapped to too many loci |	0.00%
                                  UNMAPPED READS:
  Number of reads unmapped: too many mismatches |	0
       % of reads unmapped: too many mismatches |	0.00%
            Number of reads unmapped: too short |	183075
                 % of reads unmapped: too short |	9.20%
                Number of reads unmapped: other |	244
                     % of reads unmapped: other |	0.01%
                                  CHIMERIC READS:
                       Number of chimeric reads |	0
                            % of chimeric reads |	0.00%
