                                 Started job on |	May 01 22:49:44
                             Started mapping on |	May 01 22:49:54
                                    Finished on |	May 01 22:50:38
       Mapping speed, Million of reads per hour |	130.81

                          Number of input reads |	1598783
                      Average input read length |	301
                                    UNIQUE READS:
                   Uniquely mapped reads number |	1082471
                        Uniquely mapped reads % |	67.71%
                          Average mapped length |	271.63
                       Number of splices: Total |	694079
            Number of splices: Annotated (sjdb) |	0
                       Number of splices: GT/AG |	677195
                       Number of splices: GC/AG |	15643
                       Number of splices: AT/AC |	28
               Number of splices: Non-canonical |	1213
                      Mismatch rate per base, % |	0.44%
                         Deletion rate per base |	0.00%
                        Deletion average length |	1.58
                        Insertion rate per base |	0.01%
                       Insertion average length |	1.67
                             MULTI-MAPPING READS:
        Number of reads mapped to multiple loci |	45423
             % of reads mapped to multiple loci |	2.84%
        Number of reads mapped to too many loci |	190
             % of reads mapped to too many loci |	0.01%
                                  UNMAPPED READS:
  Number of reads unmapped: too many mismatches |	0
       % of reads unmapped: too many mismatches |	0.00%
            Number of reads unmapped: too short |	470329
                 % of reads unmapped: too short |	29.42%
                Number of reads unmapped: other |	370
                     % of reads unmapped: other |	0.02%
                                  CHIMERIC READS:
                       Number of chimeric reads |	0
                            % of chimeric reads |	0.00%
