                                 Started job on |	May 01 22:43:17
                             Started mapping on |	May 01 22:43:27
                                    Finished on |	May 01 22:43:45
       Mapping speed, Million of reads per hour |	110.56

                          Number of input reads |	552801
                      Average input read length |	301
                                    UNIQUE READS:
                   Uniquely mapped reads number |	483970
                        Uniquely mapped reads % |	87.55%
                          Average mapped length |	282.75
                       Number of splices: Total |	450086
            Number of splices: Annotated (sjdb) |	0
                       Number of splices: GT/AG |	440002
                       Number of splices: GC/AG |	9478
                       Number of splices: AT/AC |	8
               Number of splices: Non-canonical |	598
                      Mismatch rate per base, % |	0.28%
                         Deletion rate per base |	0.00%
                        Deletion average length |	1.51
                        Insertion rate per base |	0.00%
                       Insertion average length |	1.77
                             MULTI-MAPPING READS:
        Number of reads mapped to multiple loci |	15122
             % of reads mapped to multiple loci |	2.74%
        Number of reads mapped to too many loci |	3
             % of reads mapped to too many loci |	0.00%
                                  UNMAPPED READS:
  Number of reads unmapped: too many mismatches |	0
       % of reads unmapped: too many mismatches |	0.00%
            Number of reads unmapped: too short |	53696
                 % of reads unmapped: too short |	9.71%
                Number of reads unmapped: other |	10
                     % of reads unmapped: other |	0.00%
                                  CHIMERIC READS:
                       Number of chimeric reads |	0
                            % of chimeric reads |	0.00%
