                                 Started job on |	May 01 22:54:19
                             Started mapping on |	May 01 22:54:30
                                    Finished on |	May 01 22:54:57
       Mapping speed, Million of reads per hour |	132.98

                          Number of input reads |	997344
                      Average input read length |	302
                                    UNIQUE READS:
                   Uniquely mapped reads number |	822488
                        Uniquely mapped reads % |	82.47%
                          Average mapped length |	277.96
                       Number of splices: Total |	723214
            Number of splices: Annotated (sjdb) |	0
                       Number of splices: GT/AG |	701634
                       Number of splices: GC/AG |	20019
                       Number of splices: AT/AC |	27
               Number of splices: Non-canonical |	1534
                      Mismatch rate per base, % |	0.29%
                         Deletion rate per base |	0.00%
                        Deletion average length |	1.67
                        Insertion rate per base |	0.01%
                       Insertion average length |	1.75
                             MULTI-MAPPING READS:
        Number of reads mapped to multiple loci |	30506
             % of reads mapped to multiple loci |	3.06%
        Number of reads mapped to too many loci |	4
             % of reads mapped to too many loci |	0.00%
                                  UNMAPPED READS:
  Number of reads unmapped: too many mismatches |	0
       % of reads unmapped: too many mismatches |	0.00%
            Number of reads unmapped: too short |	144315
                 % of reads unmapped: too short |	14.47%
                Number of reads unmapped: other |	31
                     % of reads unmapped: other |	0.00%
                                  CHIMERIC READS:
                       Number of chimeric reads |	0
                            % of chimeric reads |	0.00%
