                                 Started job on |	May 01 23:01:00
                             Started mapping on |	May 01 23:01:11
                                    Finished on |	May 01 23:01:27
       Mapping speed, Million of reads per hour |	10.74

                          Number of input reads |	47743
                      Average input read length |	301
                                    UNIQUE READS:
                   Uniquely mapped reads number |	41511
                        Uniquely mapped reads % |	86.95%
                          Average mapped length |	282.74
                       Number of splices: Total |	366
            Number of splices: Annotated (sjdb) |	0
                       Number of splices: GT/AG |	352
                       Number of splices: GC/AG |	0
                       Number of splices: AT/AC |	0
               Number of splices: Non-canonical |	14
                      Mismatch rate per base, % |	0.37%
                         Deletion rate per base |	0.01%
                        Deletion average length |	2.18
                        Insertion rate per base |	0.01%
                       Insertion average length |	1.77
                             MULTI-MAPPING READS:
        Number of reads mapped to multiple loci |	374
             % of reads mapped to multiple loci |	0.78%
        Number of reads mapped to too many loci |	28
             % of reads mapped to too many loci |	0.06%
                                  UNMAPPED READS:
  Number of reads unmapped: too many mismatches |	0
       % of reads unmapped: too many mismatches |	0.00%
            Number of reads unmapped: too short |	5793
                 % of reads unmapped: too short |	12.13%
                Number of reads unmapped: other |	37
                     % of reads unmapped: other |	0.08%
                                  CHIMERIC READS:
                       Number of chimeric reads |	0
                            % of chimeric reads |	0.00%
