                                 Started job on |	May 01 23:00:29
                             Started mapping on |	May 01 23:00:40
                                    Finished on |	May 01 23:01:00
       Mapping speed, Million of reads per hour |	113.57

                          Number of input reads |	630943
                      Average input read length |	301
                                    UNIQUE READS:
                   Uniquely mapped reads number |	498604
                        Uniquely mapped reads % |	79.03%
                          Average mapped length |	282.10
                       Number of splices: Total |	460849
            Number of splices: Annotated (sjdb) |	0
                       Number of splices: GT/AG |	448388
                       Number of splices: GC/AG |	11796
                       Number of splices: AT/AC |	3
               Number of splices: Non-canonical |	662
                      Mismatch rate per base, % |	0.36%
                         Deletion rate per base |	0.00%
                        Deletion average length |	1.38
                        Insertion rate per base |	0.01%
                       Insertion average length |	1.73
                             MULTI-MAPPING READS:
        Number of reads mapped to multiple loci |	25658
             % of reads mapped to multiple loci |	4.07%
        Number of reads mapped to too many loci |	3
             % of reads mapped to too many loci |	0.00%
                                  UNMAPPED READS:
  Number of reads unmapped: too many mismatches |	0
       % of reads unmapped: too many mismatches |	0.00%
            Number of reads unmapped: too short |	106658
                 % of reads unmapped: too short |	16.90%
                Number of reads unmapped: other |	20
                     % of reads unmapped: other |	0.00%
                                  CHIMERIC READS:
                       Number of chimeric reads |	0
                            % of chimeric reads |	0.00%
