                                 Started job on |	May 01 22:39:12
                             Started mapping on |	May 01 22:39:22
                                    Finished on |	May 01 22:39:53
       Mapping speed, Million of reads per hour |	146.41

                          Number of input reads |	1260738
                      Average input read length |	301
                                    UNIQUE READS:
                   Uniquely mapped reads number |	960642
                        Uniquely mapped reads % |	76.20%
                          Average mapped length |	281.35
                       Number of splices: Total |	740850
            Number of splices: Annotated (sjdb) |	0
                       Number of splices: GT/AG |	724147
                       Number of splices: GC/AG |	15405
                       Number of splices: AT/AC |	23
               Number of splices: Non-canonical |	1275
                      Mismatch rate per base, % |	0.43%
                         Deletion rate per base |	0.00%
                        Deletion average length |	1.53
                        Insertion rate per base |	0.01%
                       Insertion average length |	1.64
                             MULTI-MAPPING READS:
        Number of reads mapped to multiple loci |	32812
             % of reads mapped to multiple loci |	2.60%
        Number of reads mapped to too many loci |	21
             % of reads mapped to too many loci |	0.00%
                                  UNMAPPED READS:
  Number of reads unmapped: too many mismatches |	0
       % of reads unmapped: too many mismatches |	0.00%
            Number of reads unmapped: too short |	267217
                 % of reads unmapped: too short |	21.20%
                Number of reads unmapped: other |	46
                     % of reads unmapped: other |	0.00%
                                  CHIMERIC READS:
                       Number of chimeric reads |	0
                            % of chimeric reads |	0.00%
