                                 Started job on |	May 01 22:32:48
                             Started mapping on |	May 01 22:32:58
                                    Finished on |	May 01 22:33:41
       Mapping speed, Million of reads per hour |	162.74

                          Number of input reads |	1943834
                      Average input read length |	301
                                    UNIQUE READS:
                   Uniquely mapped reads number |	1726836
                        Uniquely mapped reads % |	88.84%
                          Average mapped length |	283.56
                       Number of splices: Total |	1517790
            Number of splices: Annotated (sjdb) |	0
                       Number of splices: GT/AG |	1484489
                       Number of splices: GC/AG |	31013
                       Number of splices: AT/AC |	43
               Number of splices: Non-canonical |	2245
                      Mismatch rate per base, % |	0.43%
                         Deletion rate per base |	0.00%
                        Deletion average length |	1.45
                        Insertion rate per base |	0.00%
                       Insertion average length |	1.80
                             MULTI-MAPPING READS:
        Number of reads mapped to multiple loci |	49411
             % of reads mapped to multiple loci |	2.54%
        Number of reads mapped to too many loci |	12
             % of reads mapped to too many loci |	0.00%
                                  UNMAPPED READS:
  Number of reads unmapped: too many mismatches |	0
       % of reads unmapped: too many mismatches |	0.00%
            Number of reads unmapped: too short |	167535
                 % of reads unmapped: too short |	8.62%
                Number of reads unmapped: other |	40
                     % of reads unmapped: other |	0.00%
                                  CHIMERIC READS:
                       Number of chimeric reads |	0
                            % of chimeric reads |	0.00%
