                                 Started job on |	May 01 22:36:32
                             Started mapping on |	May 01 22:36:42
                                    Finished on |	May 01 22:37:29
       Mapping speed, Million of reads per hour |	181.60

                          Number of input reads |	2370843
                      Average input read length |	301
                                    UNIQUE READS:
                   Uniquely mapped reads number |	2073669
                        Uniquely mapped reads % |	87.47%
                          Average mapped length |	279.85
                       Number of splices: Total |	1905579
            Number of splices: Annotated (sjdb) |	0
                       Number of splices: GT/AG |	1861993
                       Number of splices: GC/AG |	40603
                       Number of splices: AT/AC |	43
               Number of splices: Non-canonical |	2940
                      Mismatch rate per base, % |	0.28%
                         Deletion rate per base |	0.00%
                        Deletion average length |	1.67
                        Insertion rate per base |	0.01%
                       Insertion average length |	1.89
                             MULTI-MAPPING READS:
        Number of reads mapped to multiple loci |	76464
             % of reads mapped to multiple loci |	3.23%
        Number of reads mapped to too many loci |	20
             % of reads mapped to too many loci |	0.00%
                                  UNMAPPED READS:
  Number of reads unmapped: too many mismatches |	0
       % of reads unmapped: too many mismatches |	0.00%
            Number of reads unmapped: too short |	220635
                 % of reads unmapped: too short |	9.31%
                Number of reads unmapped: other |	55
                     % of reads unmapped: other |	0.00%
                                  CHIMERIC READS:
                       Number of chimeric reads |	0
                            % of chimeric reads |	0.00%
