                                 Started job on |	May 01 22:42:38
                             Started mapping on |	May 01 22:42:48
                                    Finished on |	May 01 22:43:16
       Mapping speed, Million of reads per hour |	121.67

                          Number of input reads |	946296
                      Average input read length |	301
                                    UNIQUE READS:
                   Uniquely mapped reads number |	774396
                        Uniquely mapped reads % |	81.83%
                          Average mapped length |	284.33
                       Number of splices: Total |	623237
            Number of splices: Annotated (sjdb) |	0
                       Number of splices: GT/AG |	608491
                       Number of splices: GC/AG |	13728
                       Number of splices: AT/AC |	7
               Number of splices: Non-canonical |	1011
                      Mismatch rate per base, % |	0.34%
                         Deletion rate per base |	0.00%
                        Deletion average length |	1.52
                        Insertion rate per base |	0.01%
                       Insertion average length |	1.70
                             MULTI-MAPPING READS:
        Number of reads mapped to multiple loci |	22905
             % of reads mapped to multiple loci |	2.42%
        Number of reads mapped to too many loci |	4
             % of reads mapped to too many loci |	0.00%
                                  UNMAPPED READS:
  Number of reads unmapped: too many mismatches |	0
       % of reads unmapped: too many mismatches |	0.00%
            Number of reads unmapped: too short |	148976
                 % of reads unmapped: too short |	15.74%
                Number of reads unmapped: other |	15
                     % of reads unmapped: other |	0.00%
                                  CHIMERIC READS:
                       Number of chimeric reads |	0
                            % of chimeric reads |	0.00%
