                                 Started job on |	May 01 22:43:46
                             Started mapping on |	May 01 22:43:56
                                    Finished on |	May 01 22:44:42
       Mapping speed, Million of reads per hour |	115.02

                          Number of input reads |	1469653
                      Average input read length |	301
                                    UNIQUE READS:
                   Uniquely mapped reads number |	951308
                        Uniquely mapped reads % |	64.73%
                          Average mapped length |	271.94
                       Number of splices: Total |	580423
            Number of splices: Annotated (sjdb) |	0
                       Number of splices: GT/AG |	566142
                       Number of splices: GC/AG |	13278
                       Number of splices: AT/AC |	26
               Number of splices: Non-canonical |	977
                      Mismatch rate per base, % |	0.51%
                         Deletion rate per base |	0.00%
                        Deletion average length |	1.50
                        Insertion rate per base |	0.01%
                       Insertion average length |	1.67
                             MULTI-MAPPING READS:
        Number of reads mapped to multiple loci |	42293
             % of reads mapped to multiple loci |	2.88%
        Number of reads mapped to too many loci |	208
             % of reads mapped to too many loci |	0.01%
                                  UNMAPPED READS:
  Number of reads unmapped: too many mismatches |	0
       % of reads unmapped: too many mismatches |	0.00%
            Number of reads unmapped: too short |	475529
                 % of reads unmapped: too short |	32.36%
                Number of reads unmapped: other |	315
                     % of reads unmapped: other |	0.02%
                                  CHIMERIC READS:
                       Number of chimeric reads |	0
                            % of chimeric reads |	0.00%
