                                 Started job on |	May 01 22:31:54
                             Started mapping on |	May 01 22:32:04
                                    Finished on |	May 01 22:32:47
       Mapping speed, Million of reads per hour |	192.07

                          Number of input reads |	2294128
                      Average input read length |	301
                                    UNIQUE READS:
                   Uniquely mapped reads number |	2080172
                        Uniquely mapped reads % |	90.67%
                          Average mapped length |	284.23
                       Number of splices: Total |	1868190
            Number of splices: Annotated (sjdb) |	0
                       Number of splices: GT/AG |	1831649
                       Number of splices: GC/AG |	33803
                       Number of splices: AT/AC |	39
               Number of splices: Non-canonical |	2699
                      Mismatch rate per base, % |	0.26%
                         Deletion rate per base |	0.00%
                        Deletion average length |	1.42
                        Insertion rate per base |	0.00%
                       Insertion average length |	1.77
                             MULTI-MAPPING READS:
        Number of reads mapped to multiple loci |	59000
             % of reads mapped to multiple loci |	2.57%
        Number of reads mapped to too many loci |	12
             % of reads mapped to too many loci |	0.00%
                                  UNMAPPED READS:
  Number of reads unmapped: too many mismatches |	0
       % of reads unmapped: too many mismatches |	0.00%
            Number of reads unmapped: too short |	154913
                 % of reads unmapped: too short |	6.75%
                Number of reads unmapped: other |	31
                     % of reads unmapped: other |	0.00%
                                  CHIMERIC READS:
                       Number of chimeric reads |	0
                            % of chimeric reads |	0.00%
