                                 Started job on |	May 01 22:37:30
                             Started mapping on |	May 01 22:37:40
                                    Finished on |	May 01 22:38:30
       Mapping speed, Million of reads per hour |	180.69

                          Number of input reads |	2509547
                      Average input read length |	301
                                    UNIQUE READS:
                   Uniquely mapped reads number |	2129043
                        Uniquely mapped reads % |	84.84%
                          Average mapped length |	276.75
                       Number of splices: Total |	1889112
            Number of splices: Annotated (sjdb) |	0
                       Number of splices: GT/AG |	1845438
                       Number of splices: GC/AG |	40342
                       Number of splices: AT/AC |	44
               Number of splices: Non-canonical |	3288
                      Mismatch rate per base, % |	0.27%
                         Deletion rate per base |	0.00%
                        Deletion average length |	1.71
                        Insertion rate per base |	0.01%
                       Insertion average length |	1.88
                             MULTI-MAPPING READS:
        Number of reads mapped to multiple loci |	70885
             % of reads mapped to multiple loci |	2.82%
        Number of reads mapped to too many loci |	15
             % of reads mapped to too many loci |	0.00%
                                  UNMAPPED READS:
  Number of reads unmapped: too many mismatches |	0
       % of reads unmapped: too many mismatches |	0.00%
            Number of reads unmapped: too short |	309550
                 % of reads unmapped: too short |	12.33%
                Number of reads unmapped: other |	54
                     % of reads unmapped: other |	0.00%
                                  CHIMERIC READS:
                       Number of chimeric reads |	0
                            % of chimeric reads |	0.00%
