                                 Started job on |	May 01 22:52:57
                             Started mapping on |	May 01 22:53:08
                                    Finished on |	May 01 22:53:35
       Mapping speed, Million of reads per hour |	110.95

                          Number of input reads |	832141
                      Average input read length |	302
                                    UNIQUE READS:
                   Uniquely mapped reads number |	625463
                        Uniquely mapped reads % |	75.16%
                          Average mapped length |	276.95
                       Number of splices: Total |	507935
            Number of splices: Annotated (sjdb) |	0
                       Number of splices: GT/AG |	494623
                       Number of splices: GC/AG |	12445
                       Number of splices: AT/AC |	10
               Number of splices: Non-canonical |	857
                      Mismatch rate per base, % |	0.38%
                         Deletion rate per base |	0.00%
                        Deletion average length |	1.52
                        Insertion rate per base |	0.01%
                       Insertion average length |	1.75
                             MULTI-MAPPING READS:
        Number of reads mapped to multiple loci |	23718
             % of reads mapped to multiple loci |	2.85%
        Number of reads mapped to too many loci |	8
             % of reads mapped to too many loci |	0.00%
                                  UNMAPPED READS:
  Number of reads unmapped: too many mismatches |	0
       % of reads unmapped: too many mismatches |	0.00%
            Number of reads unmapped: too short |	182927
                 % of reads unmapped: too short |	21.98%
                Number of reads unmapped: other |	25
                     % of reads unmapped: other |	0.00%
                                  CHIMERIC READS:
                       Number of chimeric reads |	0
                            % of chimeric reads |	0.00%
