                                 Started job on |	May 01 22:30:47
                             Started mapping on |	May 01 22:30:57
                                    Finished on |	May 01 22:31:53
       Mapping speed, Million of reads per hour |	204.29

                          Number of input reads |	3177798
                      Average input read length |	301
                                    UNIQUE READS:
                   Uniquely mapped reads number |	2875250
                        Uniquely mapped reads % |	90.48%
                          Average mapped length |	285.42
                       Number of splices: Total |	2606483
            Number of splices: Annotated (sjdb) |	0
                       Number of splices: GT/AG |	2560673
                       Number of splices: GC/AG |	42125
                       Number of splices: AT/AC |	36
               Number of splices: Non-canonical |	3649
                      Mismatch rate per base, % |	0.30%
                         Deletion rate per base |	0.00%
                        Deletion average length |	1.46
                        Insertion rate per base |	0.00%
                       Insertion average length |	1.82
                             MULTI-MAPPING READS:
        Number of reads mapped to multiple loci |	85641
             % of reads mapped to multiple loci |	2.69%
        Number of reads mapped to too many loci |	31
             % of reads mapped to too many loci |	0.00%
                                  UNMAPPED READS:
  Number of reads unmapped: too many mismatches |	0
       % of reads unmapped: too many mismatches |	0.00%
            Number of reads unmapped: too short |	216827
                 % of reads unmapped: too short |	6.82%
                Number of reads unmapped: other |	49
                     % of reads unmapped: other |	0.00%
                                  CHIMERIC READS:
                       Number of chimeric reads |	0
                            % of chimeric reads |	0.00%
