                                 Started job on |	May 01 23:10:19
                             Started mapping on |	May 01 23:10:30
                                    Finished on |	May 01 23:11:20
       Mapping speed, Million of reads per hour |	190.10

                          Number of input reads |	2640255
                      Average input read length |	301
                                    UNIQUE READS:
                   Uniquely mapped reads number |	2213415
                        Uniquely mapped reads % |	83.83%
                          Average mapped length |	283.70
                       Number of splices: Total |	1833012
            Number of splices: Annotated (sjdb) |	0
                       Number of splices: GT/AG |	1791430
                       Number of splices: GC/AG |	38830
                       Number of splices: AT/AC |	39
               Number of splices: Non-canonical |	2713
                      Mismatch rate per base, % |	0.35%
                         Deletion rate per base |	0.00%
                        Deletion average length |	1.45
                        Insertion rate per base |	0.01%
                       Insertion average length |	1.80
                             MULTI-MAPPING READS:
        Number of reads mapped to multiple loci |	71810
             % of reads mapped to multiple loci |	2.72%
        Number of reads mapped to too many loci |	10
             % of reads mapped to too many loci |	0.00%
                                  UNMAPPED READS:
  Number of reads unmapped: too many mismatches |	0
       % of reads unmapped: too many mismatches |	0.00%
            Number of reads unmapped: too short |	354962
                 % of reads unmapped: too short |	13.44%
                Number of reads unmapped: other |	58
                     % of reads unmapped: other |	0.00%
                                  CHIMERIC READS:
                       Number of chimeric reads |	0
                            % of chimeric reads |	0.00%
