                                 Started job on |	May 01 23:05:00
                             Started mapping on |	May 01 23:05:11
                                    Finished on |	May 01 23:05:44
       Mapping speed, Million of reads per hour |	103.60

                          Number of input reads |	949623
                      Average input read length |	301
                                    UNIQUE READS:
                   Uniquely mapped reads number |	556934
                        Uniquely mapped reads % |	58.65%
                          Average mapped length |	265.83
                       Number of splices: Total |	362047
            Number of splices: Annotated (sjdb) |	0
                       Number of splices: GT/AG |	349587
                       Number of splices: GC/AG |	11548
                       Number of splices: AT/AC |	13
               Number of splices: Non-canonical |	899
                      Mismatch rate per base, % |	0.51%
                         Deletion rate per base |	0.01%
                        Deletion average length |	1.50
                        Insertion rate per base |	0.02%
                       Insertion average length |	1.89
                             MULTI-MAPPING READS:
        Number of reads mapped to multiple loci |	18305
             % of reads mapped to multiple loci |	1.93%
        Number of reads mapped to too many loci |	17
             % of reads mapped to too many loci |	0.00%
                                  UNMAPPED READS:
  Number of reads unmapped: too many mismatches |	0
       % of reads unmapped: too many mismatches |	0.00%
            Number of reads unmapped: too short |	374307
                 % of reads unmapped: too short |	39.42%
                Number of reads unmapped: other |	60
                     % of reads unmapped: other |	0.01%
                                  CHIMERIC READS:
                       Number of chimeric reads |	0
                            % of chimeric reads |	0.00%
