                                 Started job on |	May 12 15:42:10
                             Started mapping on |	May 12 15:42:23
                                    Finished on |	May 12 15:43:48
       Mapping speed, Million of reads per hour |	202.58

                          Number of input reads |	4783048
                      Average input read length |	301
                                    UNIQUE READS:
                   Uniquely mapped reads number |	4104334
                        Uniquely mapped reads % |	85.81%
                          Average mapped length |	284.75
                       Number of splices: Total |	3719014
            Number of splices: Annotated (sjdb) |	0
                       Number of splices: GT/AG |	3630573
                       Number of splices: GC/AG |	82832
                       Number of splices: AT/AC |	68
               Number of splices: Non-canonical |	5541
                      Mismatch rate per base, % |	0.37%
                         Deletion rate per base |	0.00%
                        Deletion average length |	1.42
                        Insertion rate per base |	0.01%
                       Insertion average length |	1.87
                             MULTI-MAPPING READS:
        Number of reads mapped to multiple loci |	116525
             % of reads mapped to multiple loci |	2.44%
        Number of reads mapped to too many loci |	11
             % of reads mapped to too many loci |	0.00%
                                  UNMAPPED READS:
  Number of reads unmapped: too many mismatches |	0
       % of reads unmapped: too many mismatches |	0.00%
            Number of reads unmapped: too short |	562101
                 % of reads unmapped: too short |	11.75%
                Number of reads unmapped: other |	77
                     % of reads unmapped: other |	0.00%
                                  CHIMERIC READS:
                       Number of chimeric reads |	0
                            % of chimeric reads |	0.00%
