                                 Started job on |	May 01 23:08:32
                             Started mapping on |	May 01 23:08:43
                                    Finished on |	May 01 23:10:00
       Mapping speed, Million of reads per hour |	198.34

                          Number of input reads |	4242348
                      Average input read length |	301
                                    UNIQUE READS:
                   Uniquely mapped reads number |	3563164
                        Uniquely mapped reads % |	83.99%
                          Average mapped length |	284.89
                       Number of splices: Total |	3031938
            Number of splices: Annotated (sjdb) |	0
                       Number of splices: GT/AG |	2953706
                       Number of splices: GC/AG |	73633
                       Number of splices: AT/AC |	76
               Number of splices: Non-canonical |	4523
                      Mismatch rate per base, % |	0.38%
                         Deletion rate per base |	0.00%
                        Deletion average length |	1.69
                        Insertion rate per base |	0.01%
                       Insertion average length |	1.86
                             MULTI-MAPPING READS:
        Number of reads mapped to multiple loci |	98660
             % of reads mapped to multiple loci |	2.33%
        Number of reads mapped to too many loci |	31
             % of reads mapped to too many loci |	0.00%
                                  UNMAPPED READS:
  Number of reads unmapped: too many mismatches |	0
       % of reads unmapped: too many mismatches |	0.00%
            Number of reads unmapped: too short |	580439
                 % of reads unmapped: too short |	13.68%
                Number of reads unmapped: other |	54
                     % of reads unmapped: other |	0.00%
                                  CHIMERIC READS:
                       Number of chimeric reads |	0
                            % of chimeric reads |	0.00%
