                                 Started job on |	May 01 23:07:25
                             Started mapping on |	May 01 23:07:36
                                    Finished on |	May 01 23:08:31
       Mapping speed, Million of reads per hour |	189.78

                          Number of input reads |	2899425
                      Average input read length |	301
                                    UNIQUE READS:
                   Uniquely mapped reads number |	2361468
                        Uniquely mapped reads % |	81.45%
                          Average mapped length |	285.59
                       Number of splices: Total |	2054389
            Number of splices: Annotated (sjdb) |	0
                       Number of splices: GT/AG |	1998579
                       Number of splices: GC/AG |	52171
                       Number of splices: AT/AC |	35
               Number of splices: Non-canonical |	3604
                      Mismatch rate per base, % |	0.35%
                         Deletion rate per base |	0.01%
                        Deletion average length |	2.05
                        Insertion rate per base |	0.01%
                       Insertion average length |	1.81
                             MULTI-MAPPING READS:
        Number of reads mapped to multiple loci |	82725
             % of reads mapped to multiple loci |	2.85%
        Number of reads mapped to too many loci |	10
             % of reads mapped to too many loci |	0.00%
                                  UNMAPPED READS:
  Number of reads unmapped: too many mismatches |	0
       % of reads unmapped: too many mismatches |	0.00%
            Number of reads unmapped: too short |	455186
                 % of reads unmapped: too short |	15.70%
                Number of reads unmapped: other |	36
                     % of reads unmapped: other |	0.00%
                                  CHIMERIC READS:
                       Number of chimeric reads |	0
                            % of chimeric reads |	0.00%
