                                 Started job on |	May 01 22:22:41
                             Started mapping on |	May 01 22:22:51
                                    Finished on |	May 01 22:23:48
       Mapping speed, Million of reads per hour |	173.56

                          Number of input reads |	2748094
                      Average input read length |	302
                                    UNIQUE READS:
                   Uniquely mapped reads number |	2263286
                        Uniquely mapped reads % |	82.36%
                          Average mapped length |	283.74
                       Number of splices: Total |	1865745
            Number of splices: Annotated (sjdb) |	0
                       Number of splices: GT/AG |	1819442
                       Number of splices: GC/AG |	43427
                       Number of splices: AT/AC |	73
               Number of splices: Non-canonical |	2803
                      Mismatch rate per base, % |	0.43%
                         Deletion rate per base |	0.00%
                        Deletion average length |	1.47
                        Insertion rate per base |	0.01%
                       Insertion average length |	1.66
                             MULTI-MAPPING READS:
        Number of reads mapped to multiple loci |	70270
             % of reads mapped to multiple loci |	2.56%
        Number of reads mapped to too many loci |	18
             % of reads mapped to too many loci |	0.00%
                                  UNMAPPED READS:
  Number of reads unmapped: too many mismatches |	0
       % of reads unmapped: too many mismatches |	0.00%
            Number of reads unmapped: too short |	414485
                 % of reads unmapped: too short |	15.08%
                Number of reads unmapped: other |	35
                     % of reads unmapped: other |	0.00%
                                  CHIMERIC READS:
                       Number of chimeric reads |	0
                            % of chimeric reads |	0.00%
