                                 Started job on |	May 01 22:18:52
                             Started mapping on |	May 01 22:19:03
                                    Finished on |	May 01 22:20:10
       Mapping speed, Million of reads per hour |	175.24

                          Number of input reads |	3261410
                      Average input read length |	302
                                    UNIQUE READS:
                   Uniquely mapped reads number |	2704043
                        Uniquely mapped reads % |	82.91%
                          Average mapped length |	283.44
                       Number of splices: Total |	2182865
            Number of splices: Annotated (sjdb) |	0
                       Number of splices: GT/AG |	2130106
                       Number of splices: GC/AG |	49364
                       Number of splices: AT/AC |	60
               Number of splices: Non-canonical |	3335
                      Mismatch rate per base, % |	0.51%
                         Deletion rate per base |	0.00%
                        Deletion average length |	1.53
                        Insertion rate per base |	0.01%
                       Insertion average length |	1.63
                             MULTI-MAPPING READS:
        Number of reads mapped to multiple loci |	101920
             % of reads mapped to multiple loci |	3.13%
        Number of reads mapped to too many loci |	83
             % of reads mapped to too many loci |	0.00%
                                  UNMAPPED READS:
  Number of reads unmapped: too many mismatches |	0
       % of reads unmapped: too many mismatches |	0.00%
            Number of reads unmapped: too short |	455085
                 % of reads unmapped: too short |	13.95%
                Number of reads unmapped: other |	279
                     % of reads unmapped: other |	0.01%
                                  CHIMERIC READS:
                       Number of chimeric reads |	0
                            % of chimeric reads |	0.00%
