                                 Started job on |	May 01 22:26:04
                             Started mapping on |	May 01 22:26:14
                                    Finished on |	May 01 22:26:50
       Mapping speed, Million of reads per hour |	137.40

                          Number of input reads |	1374014
                      Average input read length |	301
                                    UNIQUE READS:
                   Uniquely mapped reads number |	1058740
                        Uniquely mapped reads % |	77.05%
                          Average mapped length |	277.48
                       Number of splices: Total |	763091
            Number of splices: Annotated (sjdb) |	0
                       Number of splices: GT/AG |	744559
                       Number of splices: GC/AG |	16888
                       Number of splices: AT/AC |	12
               Number of splices: Non-canonical |	1632
                      Mismatch rate per base, % |	0.36%
                         Deletion rate per base |	0.00%
                        Deletion average length |	1.69
                        Insertion rate per base |	0.01%
                       Insertion average length |	1.70
                             MULTI-MAPPING READS:
        Number of reads mapped to multiple loci |	38358
             % of reads mapped to multiple loci |	2.79%
        Number of reads mapped to too many loci |	7
             % of reads mapped to too many loci |	0.00%
                                  UNMAPPED READS:
  Number of reads unmapped: too many mismatches |	0
       % of reads unmapped: too many mismatches |	0.00%
            Number of reads unmapped: too short |	276886
                 % of reads unmapped: too short |	20.15%
                Number of reads unmapped: other |	23
                     % of reads unmapped: other |	0.00%
                                  CHIMERIC READS:
                       Number of chimeric reads |	0
                            % of chimeric reads |	0.00%
