                                 Started job on |	May 01 22:26:51
                             Started mapping on |	May 01 22:27:01
                                    Finished on |	May 01 22:27:40
       Mapping speed, Million of reads per hour |	163.37

                          Number of input reads |	1769887
                      Average input read length |	301
                                    UNIQUE READS:
                   Uniquely mapped reads number |	1354671
                        Uniquely mapped reads % |	76.54%
                          Average mapped length |	280.85
                       Number of splices: Total |	1045914
            Number of splices: Annotated (sjdb) |	0
                       Number of splices: GT/AG |	1018695
                       Number of splices: GC/AG |	25432
                       Number of splices: AT/AC |	22
               Number of splices: Non-canonical |	1765
                      Mismatch rate per base, % |	0.38%
                         Deletion rate per base |	0.00%
                        Deletion average length |	1.54
                        Insertion rate per base |	0.01%
                       Insertion average length |	1.77
                             MULTI-MAPPING READS:
        Number of reads mapped to multiple loci |	55946
             % of reads mapped to multiple loci |	3.16%
        Number of reads mapped to too many loci |	19
             % of reads mapped to too many loci |	0.00%
                                  UNMAPPED READS:
  Number of reads unmapped: too many mismatches |	0
       % of reads unmapped: too many mismatches |	0.00%
            Number of reads unmapped: too short |	359214
                 % of reads unmapped: too short |	20.30%
                Number of reads unmapped: other |	37
                     % of reads unmapped: other |	0.00%
                                  CHIMERIC READS:
                       Number of chimeric reads |	0
                            % of chimeric reads |	0.00%
