                                 Started job on |	May 01 22:25:07
                             Started mapping on |	May 01 22:25:17
                                    Finished on |	May 01 22:26:03
       Mapping speed, Million of reads per hour |	149.06

                          Number of input reads |	1904631
                      Average input read length |	301
                                    UNIQUE READS:
                   Uniquely mapped reads number |	1351249
                        Uniquely mapped reads % |	70.95%
                          Average mapped length |	271.74
                       Number of splices: Total |	1027190
            Number of splices: Annotated (sjdb) |	0
                       Number of splices: GT/AG |	993055
                       Number of splices: GC/AG |	31850
                       Number of splices: AT/AC |	39
               Number of splices: Non-canonical |	2246
                      Mismatch rate per base, % |	0.38%
                         Deletion rate per base |	0.00%
                        Deletion average length |	1.86
                        Insertion rate per base |	0.01%
                       Insertion average length |	1.40
                             MULTI-MAPPING READS:
        Number of reads mapped to multiple loci |	54442
             % of reads mapped to multiple loci |	2.86%
        Number of reads mapped to too many loci |	61
             % of reads mapped to too many loci |	0.00%
                                  UNMAPPED READS:
  Number of reads unmapped: too many mismatches |	0
       % of reads unmapped: too many mismatches |	0.00%
            Number of reads unmapped: too short |	498746
                 % of reads unmapped: too short |	26.19%
                Number of reads unmapped: other |	133
                     % of reads unmapped: other |	0.01%
                                  CHIMERIC READS:
                       Number of chimeric reads |	0
                            % of chimeric reads |	0.00%
