                                 Started job on |	May 01 22:56:16
                             Started mapping on |	May 01 22:56:27
                                    Finished on |	May 01 22:56:56
       Mapping speed, Million of reads per hour |	99.44

                          Number of input reads |	801045
                      Average input read length |	302
                                    UNIQUE READS:
                   Uniquely mapped reads number |	556047
                        Uniquely mapped reads % |	69.42%
                          Average mapped length |	275.70
                       Number of splices: Total |	432179
            Number of splices: Annotated (sjdb) |	0
                       Number of splices: GT/AG |	416684
                       Number of splices: GC/AG |	14479
                       Number of splices: AT/AC |	21
               Number of splices: Non-canonical |	995
                      Mismatch rate per base, % |	0.42%
                         Deletion rate per base |	0.00%
                        Deletion average length |	1.66
                        Insertion rate per base |	0.01%
                       Insertion average length |	1.76
                             MULTI-MAPPING READS:
        Number of reads mapped to multiple loci |	21684
             % of reads mapped to multiple loci |	2.71%
        Number of reads mapped to too many loci |	36
             % of reads mapped to too many loci |	0.00%
                                  UNMAPPED READS:
  Number of reads unmapped: too many mismatches |	0
       % of reads unmapped: too many mismatches |	0.00%
            Number of reads unmapped: too short |	223199
                 % of reads unmapped: too short |	27.86%
                Number of reads unmapped: other |	79
                     % of reads unmapped: other |	0.01%
                                  CHIMERIC READS:
                       Number of chimeric reads |	0
                            % of chimeric reads |	0.00%
