                                 Started job on |	May 01 22:45:48
                             Started mapping on |	May 01 22:45:58
                                    Finished on |	May 01 22:46:43
       Mapping speed, Million of reads per hour |	130.73

                          Number of input reads |	1634085
                      Average input read length |	301
                                    UNIQUE READS:
                   Uniquely mapped reads number |	1068079
                        Uniquely mapped reads % |	65.36%
                          Average mapped length |	270.27
                       Number of splices: Total |	685971
            Number of splices: Annotated (sjdb) |	0
                       Number of splices: GT/AG |	671404
                       Number of splices: GC/AG |	13318
                       Number of splices: AT/AC |	31
               Number of splices: Non-canonical |	1218
                      Mismatch rate per base, % |	0.44%
                         Deletion rate per base |	0.00%
                        Deletion average length |	1.54
                        Insertion rate per base |	0.01%
                       Insertion average length |	1.69
                             MULTI-MAPPING READS:
        Number of reads mapped to multiple loci |	37741
             % of reads mapped to multiple loci |	2.31%
        Number of reads mapped to too many loci |	250
             % of reads mapped to too many loci |	0.02%
                                  UNMAPPED READS:
  Number of reads unmapped: too many mismatches |	0
       % of reads unmapped: too many mismatches |	0.00%
            Number of reads unmapped: too short |	527718
                 % of reads unmapped: too short |	32.29%
                Number of reads unmapped: other |	297
                     % of reads unmapped: other |	0.02%
                                  CHIMERIC READS:
                       Number of chimeric reads |	0
                            % of chimeric reads |	0.00%
