                                 Started job on |	May 01 22:53:36
                             Started mapping on |	May 01 22:53:47
                                    Finished on |	May 01 22:54:18
       Mapping speed, Million of reads per hour |	150.97

                          Number of input reads |	1300018
                      Average input read length |	302
                                    UNIQUE READS:
                   Uniquely mapped reads number |	1019994
                        Uniquely mapped reads % |	78.46%
                          Average mapped length |	276.76
                       Number of splices: Total |	877692
            Number of splices: Annotated (sjdb) |	0
                       Number of splices: GT/AG |	850197
                       Number of splices: GC/AG |	25856
                       Number of splices: AT/AC |	11
               Number of splices: Non-canonical |	1628
                      Mismatch rate per base, % |	0.31%
                         Deletion rate per base |	0.00%
                        Deletion average length |	1.59
                        Insertion rate per base |	0.01%
                       Insertion average length |	1.75
                             MULTI-MAPPING READS:
        Number of reads mapped to multiple loci |	36450
             % of reads mapped to multiple loci |	2.80%
        Number of reads mapped to too many loci |	10
             % of reads mapped to too many loci |	0.00%
                                  UNMAPPED READS:
  Number of reads unmapped: too many mismatches |	0
       % of reads unmapped: too many mismatches |	0.00%
            Number of reads unmapped: too short |	243522
                 % of reads unmapped: too short |	18.73%
                Number of reads unmapped: other |	42
                     % of reads unmapped: other |	0.00%
                                  CHIMERIC READS:
                       Number of chimeric reads |	0
                            % of chimeric reads |	0.00%
