                                 Started job on |	May 01 22:55:33
                             Started mapping on |	May 01 22:55:44
                                    Finished on |	May 01 22:56:16
       Mapping speed, Million of reads per hour |	128.79

                          Number of input reads |	1144757
                      Average input read length |	302
                                    UNIQUE READS:
                   Uniquely mapped reads number |	839658
                        Uniquely mapped reads % |	73.35%
                          Average mapped length |	277.14
                       Number of splices: Total |	675630
            Number of splices: Annotated (sjdb) |	0
                       Number of splices: GT/AG |	661074
                       Number of splices: GC/AG |	13248
                       Number of splices: AT/AC |	17
               Number of splices: Non-canonical |	1291
                      Mismatch rate per base, % |	0.39%
                         Deletion rate per base |	0.00%
                        Deletion average length |	1.60
                        Insertion rate per base |	0.01%
                       Insertion average length |	1.70
                             MULTI-MAPPING READS:
        Number of reads mapped to multiple loci |	29347
             % of reads mapped to multiple loci |	2.56%
        Number of reads mapped to too many loci |	25
             % of reads mapped to too many loci |	0.00%
                                  UNMAPPED READS:
  Number of reads unmapped: too many mismatches |	0
       % of reads unmapped: too many mismatches |	0.00%
            Number of reads unmapped: too short |	275657
                 % of reads unmapped: too short |	24.08%
                Number of reads unmapped: other |	70
                     % of reads unmapped: other |	0.01%
                                  CHIMERIC READS:
                       Number of chimeric reads |	0
                            % of chimeric reads |	0.00%
