                                 Started job on |	May 01 22:40:34
                             Started mapping on |	May 01 22:40:44
                                    Finished on |	May 01 22:41:15
       Mapping speed, Million of reads per hour |	138.44

                          Number of input reads |	1192082
                      Average input read length |	301
                                    UNIQUE READS:
                   Uniquely mapped reads number |	962281
                        Uniquely mapped reads % |	80.72%
                          Average mapped length |	279.66
                       Number of splices: Total |	820107
            Number of splices: Annotated (sjdb) |	0
                       Number of splices: GT/AG |	796298
                       Number of splices: GC/AG |	22485
                       Number of splices: AT/AC |	38
               Number of splices: Non-canonical |	1286
                      Mismatch rate per base, % |	0.30%
                         Deletion rate per base |	0.00%
                        Deletion average length |	1.49
                        Insertion rate per base |	0.01%
                       Insertion average length |	1.81
                             MULTI-MAPPING READS:
        Number of reads mapped to multiple loci |	33268
             % of reads mapped to multiple loci |	2.79%
        Number of reads mapped to too many loci |	14
             % of reads mapped to too many loci |	0.00%
                                  UNMAPPED READS:
  Number of reads unmapped: too many mismatches |	0
       % of reads unmapped: too many mismatches |	0.00%
            Number of reads unmapped: too short |	196491
                 % of reads unmapped: too short |	16.48%
                Number of reads unmapped: other |	28
                     % of reads unmapped: other |	0.00%
                                  CHIMERIC READS:
                       Number of chimeric reads |	0
                            % of chimeric reads |	0.00%
