                                 Started job on |	May 01 22:54:58
                             Started mapping on |	May 01 22:55:09
                                    Finished on |	May 01 22:55:33
       Mapping speed, Million of reads per hour |	111.70

                          Number of input reads |	744646
                      Average input read length |	302
                                    UNIQUE READS:
                   Uniquely mapped reads number |	630784
                        Uniquely mapped reads % |	84.71%
                          Average mapped length |	278.96
                       Number of splices: Total |	501998
            Number of splices: Annotated (sjdb) |	0
                       Number of splices: GT/AG |	488999
                       Number of splices: GC/AG |	12047
                       Number of splices: AT/AC |	25
               Number of splices: Non-canonical |	927
                      Mismatch rate per base, % |	0.28%
                         Deletion rate per base |	0.00%
                        Deletion average length |	1.57
                        Insertion rate per base |	0.01%
                       Insertion average length |	1.75
                             MULTI-MAPPING READS:
        Number of reads mapped to multiple loci |	19339
             % of reads mapped to multiple loci |	2.60%
        Number of reads mapped to too many loci |	4
             % of reads mapped to too many loci |	0.00%
                                  UNMAPPED READS:
  Number of reads unmapped: too many mismatches |	0
       % of reads unmapped: too many mismatches |	0.00%
            Number of reads unmapped: too short |	94488
                 % of reads unmapped: too short |	12.69%
                Number of reads unmapped: other |	31
                     % of reads unmapped: other |	0.00%
                                  CHIMERIC READS:
                       Number of chimeric reads |	0
                            % of chimeric reads |	0.00%
