                                 Started job on |	May 01 22:35:28
                             Started mapping on |	May 01 22:35:38
                                    Finished on |	May 01 22:36:31
       Mapping speed, Million of reads per hour |	184.01

                          Number of input reads |	2709067
                      Average input read length |	301
                                    UNIQUE READS:
                   Uniquely mapped reads number |	2417657
                        Uniquely mapped reads % |	89.24%
                          Average mapped length |	282.41
                       Number of splices: Total |	2109369
            Number of splices: Annotated (sjdb) |	0
                       Number of splices: GT/AG |	2060122
                       Number of splices: GC/AG |	45893
                       Number of splices: AT/AC |	81
               Number of splices: Non-canonical |	3273
                      Mismatch rate per base, % |	0.29%
                         Deletion rate per base |	0.00%
                        Deletion average length |	1.42
                        Insertion rate per base |	0.00%
                       Insertion average length |	1.86
                             MULTI-MAPPING READS:
        Number of reads mapped to multiple loci |	65622
             % of reads mapped to multiple loci |	2.42%
        Number of reads mapped to too many loci |	17
             % of reads mapped to too many loci |	0.00%
                                  UNMAPPED READS:
  Number of reads unmapped: too many mismatches |	0
       % of reads unmapped: too many mismatches |	0.00%
            Number of reads unmapped: too short |	225740
                 % of reads unmapped: too short |	8.33%
                Number of reads unmapped: other |	31
                     % of reads unmapped: other |	0.00%
                                  CHIMERIC READS:
                       Number of chimeric reads |	0
                            % of chimeric reads |	0.00%
