                                 Started job on |	May 01 22:41:16
                             Started mapping on |	May 01 22:41:26
                                    Finished on |	May 01 22:41:56
       Mapping speed, Million of reads per hour |	154.34

                          Number of input reads |	1286174
                      Average input read length |	301
                                    UNIQUE READS:
                   Uniquely mapped reads number |	1049800
                        Uniquely mapped reads % |	81.62%
                          Average mapped length |	283.75
                       Number of splices: Total |	777534
            Number of splices: Annotated (sjdb) |	0
                       Number of splices: GT/AG |	758175
                       Number of splices: GC/AG |	17814
                       Number of splices: AT/AC |	29
               Number of splices: Non-canonical |	1516
                      Mismatch rate per base, % |	0.36%
                         Deletion rate per base |	0.00%
                        Deletion average length |	1.40
                        Insertion rate per base |	0.01%
                       Insertion average length |	1.69
                             MULTI-MAPPING READS:
        Number of reads mapped to multiple loci |	33297
             % of reads mapped to multiple loci |	2.59%
        Number of reads mapped to too many loci |	12
             % of reads mapped to too many loci |	0.00%
                                  UNMAPPED READS:
  Number of reads unmapped: too many mismatches |	0
       % of reads unmapped: too many mismatches |	0.00%
            Number of reads unmapped: too short |	203047
                 % of reads unmapped: too short |	15.79%
                Number of reads unmapped: other |	18
                     % of reads unmapped: other |	0.00%
                                  CHIMERIC READS:
                       Number of chimeric reads |	0
                            % of chimeric reads |	0.00%
