                                 Started job on |	May 01 22:46:43
                             Started mapping on |	May 01 22:46:54
                                    Finished on |	May 01 22:47:45
       Mapping speed, Million of reads per hour |	125.49

                          Number of input reads |	1777828
                      Average input read length |	301
                                    UNIQUE READS:
                   Uniquely mapped reads number |	985128
                        Uniquely mapped reads % |	55.41%
                          Average mapped length |	266.09
                       Number of splices: Total |	593665
            Number of splices: Annotated (sjdb) |	0
                       Number of splices: GT/AG |	574949
                       Number of splices: GC/AG |	16805
                       Number of splices: AT/AC |	63
               Number of splices: Non-canonical |	1848
                      Mismatch rate per base, % |	0.55%
                         Deletion rate per base |	0.01%
                        Deletion average length |	1.72
                        Insertion rate per base |	0.02%
                       Insertion average length |	1.60
                             MULTI-MAPPING READS:
        Number of reads mapped to multiple loci |	36282
             % of reads mapped to multiple loci |	2.04%
        Number of reads mapped to too many loci |	220
             % of reads mapped to too many loci |	0.01%
                                  UNMAPPED READS:
  Number of reads unmapped: too many mismatches |	0
       % of reads unmapped: too many mismatches |	0.00%
            Number of reads unmapped: too short |	755734
                 % of reads unmapped: too short |	42.51%
                Number of reads unmapped: other |	464
                     % of reads unmapped: other |	0.03%
                                  CHIMERIC READS:
                       Number of chimeric reads |	0
                            % of chimeric reads |	0.00%
