                                 Started job on |	May 01 22:59:10
                             Started mapping on |	May 01 22:59:21
                                    Finished on |	May 01 22:59:50
       Mapping speed, Million of reads per hour |	89.49

                          Number of input reads |	720862
                      Average input read length |	301
                                    UNIQUE READS:
                   Uniquely mapped reads number |	510260
                        Uniquely mapped reads % |	70.78%
                          Average mapped length |	269.99
                       Number of splices: Total |	398517
            Number of splices: Annotated (sjdb) |	0
                       Number of splices: GT/AG |	384833
                       Number of splices: GC/AG |	12566
                       Number of splices: AT/AC |	15
               Number of splices: Non-canonical |	1103
                      Mismatch rate per base, % |	0.38%
                         Deletion rate per base |	0.00%
                        Deletion average length |	1.67
                        Insertion rate per base |	0.01%
                       Insertion average length |	1.50
                             MULTI-MAPPING READS:
        Number of reads mapped to multiple loci |	20573
             % of reads mapped to multiple loci |	2.85%
        Number of reads mapped to too many loci |	11
             % of reads mapped to too many loci |	0.00%
                                  UNMAPPED READS:
  Number of reads unmapped: too many mismatches |	0
       % of reads unmapped: too many mismatches |	0.00%
            Number of reads unmapped: too short |	189993
                 % of reads unmapped: too short |	26.36%
                Number of reads unmapped: other |	25
                     % of reads unmapped: other |	0.00%
                                  CHIMERIC READS:
                       Number of chimeric reads |	0
                            % of chimeric reads |	0.00%
