                                 Started job on |	May 01 22:48:45
                             Started mapping on |	May 01 22:48:55
                                    Finished on |	May 01 22:49:43
       Mapping speed, Million of reads per hour |	114.46

                          Number of input reads |	1526191
                      Average input read length |	301
                                    UNIQUE READS:
                   Uniquely mapped reads number |	821993
                        Uniquely mapped reads % |	53.86%
                          Average mapped length |	265.97
                       Number of splices: Total |	417833
            Number of splices: Annotated (sjdb) |	0
                       Number of splices: GT/AG |	405115
                       Number of splices: GC/AG |	11010
                       Number of splices: AT/AC |	41
               Number of splices: Non-canonical |	1667
                      Mismatch rate per base, % |	0.57%
                         Deletion rate per base |	0.01%
                        Deletion average length |	1.74
                        Insertion rate per base |	0.02%
                       Insertion average length |	1.61
                             MULTI-MAPPING READS:
        Number of reads mapped to multiple loci |	32782
             % of reads mapped to multiple loci |	2.15%
        Number of reads mapped to too many loci |	280
             % of reads mapped to too many loci |	0.02%
                                  UNMAPPED READS:
  Number of reads unmapped: too many mismatches |	0
       % of reads unmapped: too many mismatches |	0.00%
            Number of reads unmapped: too short |	670699
                 % of reads unmapped: too short |	43.95%
                Number of reads unmapped: other |	437
                     % of reads unmapped: other |	0.03%
                                  CHIMERIC READS:
                       Number of chimeric reads |	0
                            % of chimeric reads |	0.00%
