                                 Started job on |	May 01 22:39:54
                             Started mapping on |	May 01 22:40:04
                                    Finished on |	May 01 22:40:34
       Mapping speed, Million of reads per hour |	139.04

                          Number of input reads |	1158654
                      Average input read length |	301
                                    UNIQUE READS:
                   Uniquely mapped reads number |	982374
                        Uniquely mapped reads % |	84.79%
                          Average mapped length |	279.09
                       Number of splices: Total |	858338
            Number of splices: Annotated (sjdb) |	0
                       Number of splices: GT/AG |	838227
                       Number of splices: GC/AG |	18631
                       Number of splices: AT/AC |	16
               Number of splices: Non-canonical |	1464
                      Mismatch rate per base, % |	0.27%
                         Deletion rate per base |	0.00%
                        Deletion average length |	1.58
                        Insertion rate per base |	0.01%
                       Insertion average length |	1.83
                             MULTI-MAPPING READS:
        Number of reads mapped to multiple loci |	24053
             % of reads mapped to multiple loci |	2.08%
        Number of reads mapped to too many loci |	15
             % of reads mapped to too many loci |	0.00%
                                  UNMAPPED READS:
  Number of reads unmapped: too many mismatches |	0
       % of reads unmapped: too many mismatches |	0.00%
            Number of reads unmapped: too short |	152181
                 % of reads unmapped: too short |	13.13%
                Number of reads unmapped: other |	31
                     % of reads unmapped: other |	0.00%
                                  CHIMERIC READS:
                       Number of chimeric reads |	0
                            % of chimeric reads |	0.00%
