                                 Started job on |	May 01 22:38:31
                             Started mapping on |	May 01 22:38:41
                                    Finished on |	May 01 22:39:11
       Mapping speed, Million of reads per hour |	159.20

                          Number of input reads |	1326693
                      Average input read length |	301
                                    UNIQUE READS:
                   Uniquely mapped reads number |	1110372
                        Uniquely mapped reads % |	83.69%
                          Average mapped length |	280.30
                       Number of splices: Total |	962332
            Number of splices: Annotated (sjdb) |	0
                       Number of splices: GT/AG |	938520
                       Number of splices: GC/AG |	22130
                       Number of splices: AT/AC |	18
               Number of splices: Non-canonical |	1664
                      Mismatch rate per base, % |	0.30%
                         Deletion rate per base |	0.00%
                        Deletion average length |	1.41
                        Insertion rate per base |	0.01%
                       Insertion average length |	1.82
                             MULTI-MAPPING READS:
        Number of reads mapped to multiple loci |	37257
             % of reads mapped to multiple loci |	2.81%
        Number of reads mapped to too many loci |	10
             % of reads mapped to too many loci |	0.00%
                                  UNMAPPED READS:
  Number of reads unmapped: too many mismatches |	0
       % of reads unmapped: too many mismatches |	0.00%
            Number of reads unmapped: too short |	179037
                 % of reads unmapped: too short |	13.49%
                Number of reads unmapped: other |	17
                     % of reads unmapped: other |	0.00%
                                  CHIMERIC READS:
                       Number of chimeric reads |	0
                            % of chimeric reads |	0.00%
