                                 Started job on |	May 01 22:59:51
                             Started mapping on |	May 01 23:00:02
                                    Finished on |	May 01 23:00:28
       Mapping speed, Million of reads per hour |	105.64

                          Number of input reads |	762974
                      Average input read length |	301
                                    UNIQUE READS:
                   Uniquely mapped reads number |	580174
                        Uniquely mapped reads % |	76.04%
                          Average mapped length |	272.93
                       Number of splices: Total |	465590
            Number of splices: Annotated (sjdb) |	0
                       Number of splices: GT/AG |	450689
                       Number of splices: GC/AG |	13812
                       Number of splices: AT/AC |	7
               Number of splices: Non-canonical |	1082
                      Mismatch rate per base, % |	0.30%
                         Deletion rate per base |	0.00%
                        Deletion average length |	1.80
                        Insertion rate per base |	0.01%
                       Insertion average length |	1.67
                             MULTI-MAPPING READS:
        Number of reads mapped to multiple loci |	20112
             % of reads mapped to multiple loci |	2.64%
        Number of reads mapped to too many loci |	16
             % of reads mapped to too many loci |	0.00%
                                  UNMAPPED READS:
  Number of reads unmapped: too many mismatches |	0
       % of reads unmapped: too many mismatches |	0.00%
            Number of reads unmapped: too short |	162620
                 % of reads unmapped: too short |	21.31%
                Number of reads unmapped: other |	52
                     % of reads unmapped: other |	0.01%
                                  CHIMERIC READS:
                       Number of chimeric reads |	0
                            % of chimeric reads |	0.00%
