                                 Started job on |	May 01 22:50:39
                             Started mapping on |	May 01 22:50:49
                                    Finished on |	May 01 22:51:38
       Mapping speed, Million of reads per hour |	140.96

                          Number of input reads |	1918657
                      Average input read length |	301
                                    UNIQUE READS:
                   Uniquely mapped reads number |	1116078
                        Uniquely mapped reads % |	58.17%
                          Average mapped length |	267.35
                       Number of splices: Total |	620774
            Number of splices: Annotated (sjdb) |	0
                       Number of splices: GT/AG |	606631
                       Number of splices: GC/AG |	12664
                       Number of splices: AT/AC |	36
               Number of splices: Non-canonical |	1443
                      Mismatch rate per base, % |	0.58%
                         Deletion rate per base |	0.00%
                        Deletion average length |	1.50
                        Insertion rate per base |	0.02%
                       Insertion average length |	1.72
                             MULTI-MAPPING READS:
        Number of reads mapped to multiple loci |	45555
             % of reads mapped to multiple loci |	2.37%
        Number of reads mapped to too many loci |	229
             % of reads mapped to too many loci |	0.01%
                                  UNMAPPED READS:
  Number of reads unmapped: too many mismatches |	0
       % of reads unmapped: too many mismatches |	0.00%
            Number of reads unmapped: too short |	756409
                 % of reads unmapped: too short |	39.42%
                Number of reads unmapped: other |	386
                     % of reads unmapped: other |	0.02%
                                  CHIMERIC READS:
                       Number of chimeric reads |	0
                            % of chimeric reads |	0.00%
