                                 Started job on |	May 01 22:44:43
                             Started mapping on |	May 01 22:44:53
                                    Finished on |	May 01 22:45:47
       Mapping speed, Million of reads per hour |	105.86

                          Number of input reads |	1587914
                      Average input read length |	301
                                    UNIQUE READS:
                   Uniquely mapped reads number |	707223
                        Uniquely mapped reads % |	44.54%
                          Average mapped length |	264.86
                       Number of splices: Total |	338594
            Number of splices: Annotated (sjdb) |	0
                       Number of splices: GT/AG |	328204
                       Number of splices: GC/AG |	9201
                       Number of splices: AT/AC |	21
               Number of splices: Non-canonical |	1168
                      Mismatch rate per base, % |	0.79%
                         Deletion rate per base |	0.01%
                        Deletion average length |	1.55
                        Insertion rate per base |	0.03%
                       Insertion average length |	1.63
                             MULTI-MAPPING READS:
        Number of reads mapped to multiple loci |	37033
             % of reads mapped to multiple loci |	2.33%
        Number of reads mapped to too many loci |	159
             % of reads mapped to too many loci |	0.01%
                                  UNMAPPED READS:
  Number of reads unmapped: too many mismatches |	0
       % of reads unmapped: too many mismatches |	0.00%
            Number of reads unmapped: too short |	843186
                 % of reads unmapped: too short |	53.10%
                Number of reads unmapped: other |	313
                     % of reads unmapped: other |	0.02%
                                  CHIMERIC READS:
                       Number of chimeric reads |	0
                            % of chimeric reads |	0.00%
