                                 Started job on |	May 01 23:04:12
                             Started mapping on |	May 01 23:04:23
                                    Finished on |	May 01 23:04:59
       Mapping speed, Million of reads per hour |	158.55

                          Number of input reads |	1585477
                      Average input read length |	301
                                    UNIQUE READS:
                   Uniquely mapped reads number |	1268221
                        Uniquely mapped reads % |	79.99%
                          Average mapped length |	284.36
                       Number of splices: Total |	1172407
            Number of splices: Annotated (sjdb) |	0
                       Number of splices: GT/AG |	1141645
                       Number of splices: GC/AG |	28915
                       Number of splices: AT/AC |	6
               Number of splices: Non-canonical |	1841
                      Mismatch rate per base, % |	0.44%
                         Deletion rate per base |	0.00%
                        Deletion average length |	1.32
                        Insertion rate per base |	0.01%
                       Insertion average length |	1.75
                             MULTI-MAPPING READS:
        Number of reads mapped to multiple loci |	47910
             % of reads mapped to multiple loci |	3.02%
        Number of reads mapped to too many loci |	4
             % of reads mapped to too many loci |	0.00%
                                  UNMAPPED READS:
  Number of reads unmapped: too many mismatches |	0
       % of reads unmapped: too many mismatches |	0.00%
            Number of reads unmapped: too short |	269311
                 % of reads unmapped: too short |	16.99%
                Number of reads unmapped: other |	31
                     % of reads unmapped: other |	0.00%
                                  CHIMERIC READS:
                       Number of chimeric reads |	0
                            % of chimeric reads |	0.00%
