                                 Started job on |	May 01 23:11:21
                             Started mapping on |	May 01 23:11:32
                                    Finished on |	May 01 23:12:08
       Mapping speed, Million of reads per hour |	157.83

                          Number of input reads |	1578286
                      Average input read length |	301
                                    UNIQUE READS:
                   Uniquely mapped reads number |	1218231
                        Uniquely mapped reads % |	77.19%
                          Average mapped length |	283.05
                       Number of splices: Total |	974829
            Number of splices: Annotated (sjdb) |	0
                       Number of splices: GT/AG |	950864
                       Number of splices: GC/AG |	22434
                       Number of splices: AT/AC |	9
               Number of splices: Non-canonical |	1522
                      Mismatch rate per base, % |	0.43%
                         Deletion rate per base |	0.00%
                        Deletion average length |	1.42
                        Insertion rate per base |	0.01%
                       Insertion average length |	1.75
                             MULTI-MAPPING READS:
        Number of reads mapped to multiple loci |	34935
             % of reads mapped to multiple loci |	2.21%
        Number of reads mapped to too many loci |	14
             % of reads mapped to too many loci |	0.00%
                                  UNMAPPED READS:
  Number of reads unmapped: too many mismatches |	0
       % of reads unmapped: too many mismatches |	0.00%
            Number of reads unmapped: too short |	325068
                 % of reads unmapped: too short |	20.60%
                Number of reads unmapped: other |	38
                     % of reads unmapped: other |	0.00%
                                  CHIMERIC READS:
                       Number of chimeric reads |	0
                            % of chimeric reads |	0.00%
