                                 Started job on |	May 01 23:10:01
                             Started mapping on |	May 01 23:10:12
                                    Finished on |	May 01 23:10:19
       Mapping speed, Million of reads per hour |	0.59

                          Number of input reads |	1148
                      Average input read length |	301
                                    UNIQUE READS:
                   Uniquely mapped reads number |	594
                        Uniquely mapped reads % |	51.74%
                          Average mapped length |	273.00
                       Number of splices: Total |	181
            Number of splices: Annotated (sjdb) |	0
                       Number of splices: GT/AG |	178
                       Number of splices: GC/AG |	3
                       Number of splices: AT/AC |	0
               Number of splices: Non-canonical |	0
                      Mismatch rate per base, % |	0.80%
                         Deletion rate per base |	0.01%
                        Deletion average length |	1.50
                        Insertion rate per base |	0.02%
                       Insertion average length |	1.40
                             MULTI-MAPPING READS:
        Number of reads mapped to multiple loci |	27
             % of reads mapped to multiple loci |	2.35%
        Number of reads mapped to too many loci |	0
             % of reads mapped to too many loci |	0.00%
                                  UNMAPPED READS:
  Number of reads unmapped: too many mismatches |	0
       % of reads unmapped: too many mismatches |	0.00%
            Number of reads unmapped: too short |	527
                 % of reads unmapped: too short |	45.91%
                Number of reads unmapped: other |	0
                     % of reads unmapped: other |	0.00%
                                  CHIMERIC READS:
                       Number of chimeric reads |	0
                            % of chimeric reads |	0.00%
