                                 Started job on |	May 01 23:03:10
                             Started mapping on |	May 01 23:03:21
                                    Finished on |	May 01 23:04:11
       Mapping speed, Million of reads per hour |	175.10

                          Number of input reads |	2431935
                      Average input read length |	301
                                    UNIQUE READS:
                   Uniquely mapped reads number |	1860697
                        Uniquely mapped reads % |	76.51%
                          Average mapped length |	279.57
                       Number of splices: Total |	1553070
            Number of splices: Annotated (sjdb) |	0
                       Number of splices: GT/AG |	1515914
                       Number of splices: GC/AG |	34697
                       Number of splices: AT/AC |	58
               Number of splices: Non-canonical |	2401
                      Mismatch rate per base, % |	0.39%
                         Deletion rate per base |	0.00%
                        Deletion average length |	1.36
                        Insertion rate per base |	0.01%
                       Insertion average length |	1.80
                             MULTI-MAPPING READS:
        Number of reads mapped to multiple loci |	62061
             % of reads mapped to multiple loci |	2.55%
        Number of reads mapped to too many loci |	16
             % of reads mapped to too many loci |	0.00%
                                  UNMAPPED READS:
  Number of reads unmapped: too many mismatches |	0
       % of reads unmapped: too many mismatches |	0.00%
            Number of reads unmapped: too short |	509108
                 % of reads unmapped: too short |	20.93%
                Number of reads unmapped: other |	53
                     % of reads unmapped: other |	0.00%
                                  CHIMERIC READS:
                       Number of chimeric reads |	0
                            % of chimeric reads |	0.00%
