                                 Started job on |	May 01 23:02:09
                             Started mapping on |	May 01 23:02:20
                                    Finished on |	May 01 23:03:09
       Mapping speed, Million of reads per hour |	163.96

                          Number of input reads |	2231735
                      Average input read length |	301
                                    UNIQUE READS:
                   Uniquely mapped reads number |	1644644
                        Uniquely mapped reads % |	73.69%
                          Average mapped length |	282.24
                       Number of splices: Total |	1366427
            Number of splices: Annotated (sjdb) |	0
                       Number of splices: GT/AG |	1333883
                       Number of splices: GC/AG |	30147
                       Number of splices: AT/AC |	49
               Number of splices: Non-canonical |	2348
                      Mismatch rate per base, % |	0.47%
                         Deletion rate per base |	0.00%
                        Deletion average length |	1.30
                        Insertion rate per base |	0.02%
                       Insertion average length |	1.68
                             MULTI-MAPPING READS:
        Number of reads mapped to multiple loci |	57009
             % of reads mapped to multiple loci |	2.55%
        Number of reads mapped to too many loci |	14
             % of reads mapped to too many loci |	0.00%
                                  UNMAPPED READS:
  Number of reads unmapped: too many mismatches |	0
       % of reads unmapped: too many mismatches |	0.00%
            Number of reads unmapped: too short |	530021
                 % of reads unmapped: too short |	23.75%
                Number of reads unmapped: other |	47
                     % of reads unmapped: other |	0.00%
                                  CHIMERIC READS:
                       Number of chimeric reads |	0
                            % of chimeric reads |	0.00%
