                                 Started job on |	May 12 15:47:52
                             Started mapping on |	May 12 15:48:02
                                    Finished on |	May 12 15:48:44
       Mapping speed, Million of reads per hour |	166.70

                          Number of input reads |	1944814
                      Average input read length |	301
                                    UNIQUE READS:
                   Uniquely mapped reads number |	1622537
                        Uniquely mapped reads % |	83.43%
                          Average mapped length |	284.16
                       Number of splices: Total |	1197148
            Number of splices: Annotated (sjdb) |	0
                       Number of splices: GT/AG |	1172497
                       Number of splices: GC/AG |	22881
                       Number of splices: AT/AC |	22
               Number of splices: Non-canonical |	1748
                      Mismatch rate per base, % |	0.39%
                         Deletion rate per base |	0.00%
                        Deletion average length |	1.49
                        Insertion rate per base |	0.01%
                       Insertion average length |	1.84
                             MULTI-MAPPING READS:
        Number of reads mapped to multiple loci |	49206
             % of reads mapped to multiple loci |	2.53%
        Number of reads mapped to too many loci |	15
             % of reads mapped to too many loci |	0.00%
                                  UNMAPPED READS:
  Number of reads unmapped: too many mismatches |	0
       % of reads unmapped: too many mismatches |	0.00%
            Number of reads unmapped: too short |	273027
                 % of reads unmapped: too short |	14.04%
                Number of reads unmapped: other |	29
                     % of reads unmapped: other |	0.00%
                                  CHIMERIC READS:
                       Number of chimeric reads |	0
                            % of chimeric reads |	0.00%
