                                 Started job on |	May 12 15:31:52
                             Started mapping on |	May 12 15:34:07
                                    Finished on |	May 12 15:34:49
       Mapping speed, Million of reads per hour |	161.84

                          Number of input reads |	1888118
                      Average input read length |	301
                                    UNIQUE READS:
                   Uniquely mapped reads number |	1543937
                        Uniquely mapped reads % |	81.77%
                          Average mapped length |	283.19
                       Number of splices: Total |	1475913
            Number of splices: Annotated (sjdb) |	0
                       Number of splices: GT/AG |	1440324
                       Number of splices: GC/AG |	33383
                       Number of splices: AT/AC |	22
               Number of splices: Non-canonical |	2184
                      Mismatch rate per base, % |	0.43%
                         Deletion rate per base |	0.00%
                        Deletion average length |	1.35
                        Insertion rate per base |	0.01%
                       Insertion average length |	1.79
                             MULTI-MAPPING READS:
        Number of reads mapped to multiple loci |	40568
             % of reads mapped to multiple loci |	2.15%
        Number of reads mapped to too many loci |	8
             % of reads mapped to too many loci |	0.00%
                                  UNMAPPED READS:
  Number of reads unmapped: too many mismatches |	0
       % of reads unmapped: too many mismatches |	0.00%
            Number of reads unmapped: too short |	303571
                 % of reads unmapped: too short |	16.08%
                Number of reads unmapped: other |	34
                     % of reads unmapped: other |	0.00%
                                  CHIMERIC READS:
                       Number of chimeric reads |	0
                            % of chimeric reads |	0.00%
